<?xml version="1.0" encoding="UTF-8"?>
<testsuite name="in.project.javaproject.JavaProjectApplicationTests" tests="1" skipped="0" failures="0" errors="0" timestamp="2020-03-19T10:25:20" hostname="Abhisheks-MacBook-Pro-4.local" time="0.632">
  <properties/>
  <testcase name="contextLoads()" classname="in.project.javaproject.JavaProjectApplicationTests" time="0.632"/>
  <system-out><![CDATA[15:55:17.166 [Test worker] DEBUG org.springframework.test.context.BootstrapUtils - Instantiating CacheAwareContextLoaderDelegate from class [org.springframework.test.context.cache.DefaultCacheAwareContextLoaderDelegate]
15:55:17.179 [Test worker] DEBUG org.springframework.test.context.BootstrapUtils - Instantiating BootstrapContext using constructor [public org.springframework.test.context.support.DefaultBootstrapContext(java.lang.Class,org.springframework.test.context.CacheAwareContextLoaderDelegate)]
15:55:17.228 [Test worker] DEBUG org.springframework.test.context.BootstrapUtils - Instantiating TestContextBootstrapper for test class [in.project.javaproject.JavaProjectApplicationTests] from class [org.springframework.boot.test.context.SpringBootTestContextBootstrapper]
15:55:17.252 [Test worker] INFO org.springframework.boot.test.context.SpringBootTestContextBootstrapper - Neither @ContextConfiguration nor @ContextHierarchy found for test class [in.project.javaproject.JavaProjectApplicationTests], using SpringBootContextLoader
15:55:17.257 [Test worker] DEBUG org.springframework.test.context.support.AbstractContextLoader - Did not detect default resource location for test class [in.project.javaproject.JavaProjectApplicationTests]: class path resource [in/project/javaproject/JavaProjectApplicationTests-context.xml] does not exist
15:55:17.260 [Test worker] DEBUG org.springframework.test.context.support.AbstractContextLoader - Did not detect default resource location for test class [in.project.javaproject.JavaProjectApplicationTests]: class path resource [in/project/javaproject/JavaProjectApplicationTestsContext.groovy] does not exist
15:55:17.260 [Test worker] INFO org.springframework.test.context.support.AbstractContextLoader - Could not detect default resource locations for test class [in.project.javaproject.JavaProjectApplicationTests]: no resource found for suffixes {-context.xml, Context.groovy}.
15:55:17.261 [Test worker] INFO org.springframework.test.context.support.AnnotationConfigContextLoaderUtils - Could not detect default configuration classes for test class [in.project.javaproject.JavaProjectApplicationTests]: JavaProjectApplicationTests does not declare any static, non-private, non-final, nested classes annotated with @Configuration.
15:55:17.314 [Test worker] DEBUG org.springframework.test.context.support.ActiveProfilesUtils - Could not find an 'annotation declaring class' for annotation type [org.springframework.test.context.ActiveProfiles] and class [in.project.javaproject.JavaProjectApplicationTests]
15:55:17.415 [Test worker] DEBUG org.springframework.context.annotation.ClassPathScanningCandidateComponentProvider - Identified candidate component class: file [/Users/abhishekkaushal/IdeaProjects/java-project/build/classes/java/main/in/project/javaproject/JavaProjectApplication.class]
15:55:17.417 [Test worker] INFO org.springframework.boot.test.context.SpringBootTestContextBootstrapper - Found @SpringBootConfiguration in.project.javaproject.JavaProjectApplication for test class in.project.javaproject.JavaProjectApplicationTests
15:55:17.560 [Test worker] DEBUG org.springframework.boot.test.context.SpringBootTestContextBootstrapper - @TestExecutionListeners is not present for class [in.project.javaproject.JavaProjectApplicationTests]: using defaults.
15:55:17.561 [Test worker] INFO org.springframework.boot.test.context.SpringBootTestContextBootstrapper - Loaded default TestExecutionListener class names from location [META-INF/spring.factories]: [org.springframework.boot.test.autoconfigure.restdocs.RestDocsTestExecutionListener, org.springframework.boot.test.autoconfigure.web.client.MockRestServiceServerResetTestExecutionListener, org.springframework.boot.test.autoconfigure.web.servlet.MockMvcPrintOnlyOnFailureTestExecutionListener, org.springframework.boot.test.autoconfigure.web.servlet.WebDriverTestExecutionListener, org.springframework.boot.test.mock.mockito.MockitoTestExecutionListener, org.springframework.boot.test.mock.mockito.ResetMocksTestExecutionListener, org.springframework.test.context.web.ServletTestExecutionListener, org.springframework.test.context.support.DirtiesContextBeforeModesTestExecutionListener, org.springframework.test.context.support.DependencyInjectionTestExecutionListener, org.springframework.test.context.support.DirtiesContextTestExecutionListener, org.springframework.test.context.transaction.TransactionalTestExecutionListener, org.springframework.test.context.jdbc.SqlScriptsTestExecutionListener, org.springframework.test.context.event.EventPublishingTestExecutionListener]
15:55:17.581 [Test worker] DEBUG org.springframework.boot.test.context.SpringBootTestContextBootstrapper - Skipping candidate TestExecutionListener [org.springframework.test.context.transaction.TransactionalTestExecutionListener] due to a missing dependency. Specify custom listener classes or make the default listener classes and their required dependencies available. Offending class: [org/springframework/transaction/interceptor/TransactionAttributeSource]
15:55:17.582 [Test worker] DEBUG org.springframework.boot.test.context.SpringBootTestContextBootstrapper - Skipping candidate TestExecutionListener [org.springframework.test.context.jdbc.SqlScriptsTestExecutionListener] due to a missing dependency. Specify custom listener classes or make the default listener classes and their required dependencies available. Offending class: [org/springframework/transaction/interceptor/TransactionAttribute]
15:55:17.584 [Test worker] INFO org.springframework.boot.test.context.SpringBootTestContextBootstrapper - Using TestExecutionListeners: [org.springframework.test.context.web.ServletTestExecutionListener@6f9dc8b4, org.springframework.test.context.support.DirtiesContextBeforeModesTestExecutionListener@48ae4854, org.springframework.boot.test.mock.mockito.MockitoTestExecutionListener@1f0021c, org.springframework.boot.test.autoconfigure.SpringBootDependencyInjectionTestExecutionListener@74a18f19, org.springframework.test.context.support.DirtiesContextTestExecutionListener@75782151, org.springframework.test.context.event.EventPublishingTestExecutionListener@4f2e3b42, org.springframework.boot.test.autoconfigure.restdocs.RestDocsTestExecutionListener@4ecf3059, org.springframework.boot.test.autoconfigure.web.client.MockRestServiceServerResetTestExecutionListener@36eea7de, org.springframework.boot.test.autoconfigure.web.servlet.MockMvcPrintOnlyOnFailureTestExecutionListener@2a86afb, org.springframework.boot.test.autoconfigure.web.servlet.WebDriverTestExecutionListener@3c62a5c7, org.springframework.boot.test.mock.mockito.ResetMocksTestExecutionListener@b1807ea]
15:55:17.599 [Test worker] DEBUG org.springframework.test.context.support.AbstractDirtiesContextTestExecutionListener - Before test class: context [DefaultTestContext@1cc507e5 testClass = JavaProjectApplicationTests, testInstance = [null], testMethod = [null], testException = [null], mergedContextConfiguration = [WebMergedContextConfiguration@1ce51f2 testClass = JavaProjectApplicationTests, locations = '{}', classes = '{class in.project.javaproject.JavaProjectApplication}', contextInitializerClasses = '[]', activeProfiles = '{}', propertySourceLocations = '{}', propertySourceProperties = '{org.springframework.boot.test.context.SpringBootTestContextBootstrapper=true}', contextCustomizers = set[org.springframework.boot.test.autoconfigure.properties.PropertyMappingContextCustomizer@0, org.springframework.boot.test.autoconfigure.web.servlet.WebDriverContextCustomizerFactory$Customizer@4776d2af, org.springframework.boot.test.context.filter.ExcludeFilterContextCustomizer@7c352e48, org.springframework.boot.test.json.DuplicateJsonObjectContextCustomizerFactory$DuplicateJsonObjectContextCustomizer@3118ee41, org.springframework.boot.test.mock.mockito.MockitoContextCustomizer@0, org.springframework.boot.test.web.client.TestRestTemplateContextCustomizer@1b75a32c], resourceBasePath = 'src/main/webapp', contextLoader = 'org.springframework.boot.test.context.SpringBootContextLoader', parent = [null]], attributes = map['org.springframework.test.context.web.ServletTestExecutionListener.activateListener' -> true]], class annotated with @DirtiesContext [false] with mode [null].
15:55:17.643 [Test worker] DEBUG org.springframework.test.context.support.TestPropertySourceUtils - Adding inlined properties to environment: {spring.jmx.enabled=false, org.springframework.boot.test.context.SpringBootTestContextBootstrapper=true, server.port=-1}

  .   ____          _            __ _ _
 /\\ / ___'_ __ _ _(_)_ __  __ _ \ \ \ \
( ( )\___ | '_ | '_| | '_ \/ _` | \ \ \ \
 \\/  ___)| |_)| | | | | || (_| |  ) ) ) )
  '  |____| .__|_| |_|_| |_\__, | / / / /
 =========|_|==============|___/=/_/_/_/
 :: Spring Boot ::        (v2.2.5.RELEASE)

2020-03-19 15:55:18.123  INFO 33855 --- [    Test worker] i.p.j.JavaProjectApplicationTests        : Starting JavaProjectApplicationTests on Abhisheks-MacBook-Pro-4.local with PID 33855 (started by abhishekkaushal in /Users/abhishekkaushal/IdeaProjects/java-project)
2020-03-19 15:55:18.125  INFO 33855 --- [    Test worker] i.p.j.JavaProjectApplicationTests        : No active profile set, falling back to default profiles: default
2020-03-19 15:55:20.088  INFO 33855 --- [    Test worker] o.s.s.concurrent.ThreadPoolTaskExecutor  : Initializing ExecutorService 'applicationTaskExecutor'
2020-03-19 15:55:20.546  INFO 33855 --- [    Test worker] i.p.j.JavaProjectApplicationTests        : Started JavaProjectApplicationTests in 2.888 seconds (JVM running for 4.492)
]]></system-out>
  <system-err><![CDATA[]]></system-err>
</testsuite>
